# JRE version: OpenJDK Runtime Environment Temurin-21.0.5+11 (21.0.5+11) (build 21.0.5+11-LTS)
# Java VM: OpenJDK 64-Bit Server VM Temurin-21.0.5+11 (21.0.5+11-LTS, mixed mode, sharing, tiered, compressed oops, compressed class ptrs, g1 gc, windows-amd64)
GC Precious Log:
 CardTable entry size: 512
 Card Set container configuration: InlinePtr #cards 5 size 8 Array Of Cards #cards 12 size 40 Howl #buckets 4 coarsen threshold 1843 Howl Bitmap #cards 512 size 80 coarsen threshold 460 Card regions per heap region 1 cards per card region 2048
 CPUs: 12 total, 12 available
 Memory: 7531M
 Large Page Support: Disabled
 NUMA Support: Disabled
 Compressed Oops: Enabled (32-bit)
 Heap Region Size: 1M
 Heap Min Capacity: 8M
 Heap Initial Capacity: 118M
 Heap Max Capacity: 1884M
 Pre-touch: Disabled
 Parallel Workers: 10
 Concurrent Workers: 3
 Concurrent Refinement Workers: 10
 Periodic GC: Disabled
Heap:
 garbage-first heap   total 272384K, used 110766K [0x000000008a400000, 0x0000000100000000)
  region size 1024K, 24 young (24576K), 7 survivors (7168K)
 Metaspace       used 83865K, committed 84672K, reserved 1179648K
  class space    used 11446K, committed 11776K, reserved 1048576K
GC Heap History (20 events):
Event: 9.343 GC heap before
{Heap before GC invocations=16 (full 0):
 garbage-first heap   total 84992K, used 74233K [0x000000008a400000, 0x0000000100000000)
  region size 1024K, 43 young (44032K), 5 survivors (5120K)
 Metaspace       used 74144K, committed 74880K, reserved 1114112K
  class space    used 10135K, committed 10496K, reserved 1048576K
}
Event: 9.347 GC heap after
{Heap after GC invocations=17 (full 0):
 garbage-first heap   total 84992K, used 36008K [0x000000008a400000, 0x0000000100000000)
  region size 1024K, 3 young (3072K), 3 survivors (3072K)
 Metaspace       used 74144K, committed 74880K, reserved 1114112K
  class space    used 10135K, committed 10496K, reserved 1048576K
}
Event: 9.459 GC heap before
{Heap before GC invocations=18 (full 0):
 garbage-first heap   total 84992K, used 75944K [0x000000008a400000, 0x0000000100000000)
  region size 1024K, 42 young (43008K), 3 survivors (3072K)
 Metaspace       used 74222K, committed 74944K, reserved 1114112K
  class space    used 10175K, committed 10496K, reserved 1048576K
}
Event: 9.462 GC heap after
{Heap after GC invocations=19 (full 0):
 garbage-first heap   total 84992K, used 37631K [0x000000008a400000, 0x0000000100000000)
  region size 1024K, 4 young (4096K), 4 survivors (4096K)
 Metaspace       used 74222K, committed 74944K, reserved 1114112K
  class space    used 10175K, committed 10496K, reserved 1048576K
}
Event: 9.508 GC heap before
{Heap before GC invocations=19 (full 0):
 garbage-first heap   total 84992K, used 75519K [0x000000008a400000, 0x0000000100000000)
  region size 1024K, 41 young (41984K), 4 survivors (4096K)
 Metaspace       used 74223K, committed 74944K, reserved 1114112K
  class space    used 10175K, committed 10496K, reserved 1048576K
}
Event: 9.516 GC heap after
{Heap after GC invocations=20 (full 0):
 garbage-first heap   total 87040K, used 43138K [0x000000008a400000, 0x0000000100000000)
  region size 1024K, 6 young (6144K), 6 survivors (6144K)
 Metaspace       used 74223K, committed 74944K, reserved 1114112K
  class space    used 10175K, committed 10496K, reserved 1048576K
}
Event: 9.559 GC heap before
{Heap before GC invocations=20 (full 0):
 garbage-first heap   total 87040K, used 74882K [0x000000008a400000, 0x0000000100000000)
  region size 1024K, 37 young (37888K), 6 survivors (6144K)
 Metaspace       used 74223K, committed 74944K, reserved 1114112K
  class space    used 10175K, committed 10496K, reserved 1048576K
}
Event: 9.569 GC heap after
{Heap after GC invocations=21 (full 0):
 garbage-first heap   total 136192K, used 51356K [0x000000008a400000, 0x0000000100000000)
  region size 1024K, 5 young (5120K), 5 survivors (5120K)
 Metaspace       used 74223K, committed 74944K, reserved 1114112K
  class space    used 10175K, committed 10496K, reserved 1048576K
}
Event: 9.668 GC heap before
{Heap before GC invocations=22 (full 0):
 garbage-first heap   total 136192K, used 105628K [0x000000008a400000, 0x0000000100000000)
  region size 1024K, 58 young (59392K), 5 survivors (5120K)
 Metaspace       used 74224K, committed 74944K, reserved 1114112K
  class space    used 10175K, committed 10496K, reserved 1048576K
}
Event: 9.679 GC heap after
{Heap after GC invocations=23 (full 0):
 garbage-first heap   total 136192K, used 65053K [0x000000008a400000, 0x0000000100000000)
  region size 1024K, 8 young (8192K), 8 survivors (8192K)
 Metaspace       used 74224K, committed 74944K, reserved 1114112K
  class space    used 10175K, committed 10496K, reserved 1048576K
}
Event: 9.729 GC heap before
{Heap before GC invocations=23 (full 0):
 garbage-first heap   total 136192K, used 108061K [0x000000008a400000, 0x0000000100000000)
  region size 1024K, 50 young (51200K), 8 survivors (8192K)
 Metaspace       used 74224K, committed 74944K, reserved 1114112K
  class space    used 10175K, committed 10496K, reserved 1048576K
}
Event: 9.737 GC heap after
{Heap after GC invocations=24 (full 0):
 garbage-first heap   total 136192K, used 68657K [0x000000008a400000, 0x0000000100000000)
  region size 1024K, 4 young (4096K), 4 survivors (4096K)
 Metaspace       used 74224K, committed 74944K, reserved 1114112K
  class space    used 10175K, committed 10496K, reserved 1048576K
}
Event: 9.779 GC heap before
{Heap before GC invocations=24 (full 0):
 garbage-first heap   total 136192K, used 111665K [0x000000008a400000, 0x0000000100000000)
  region size 1024K, 46 young (47104K), 4 survivors (4096K)
 Metaspace       used 74224K, committed 74944K, reserved 1114112K
  class space    used 10175K, committed 10496K, reserved 1048576K
}
Event: 9.791 GC heap after
{Heap after GC invocations=25 (full 0):
 garbage-first heap   total 136192K, used 83596K [0x000000008a400000, 0x0000000100000000)
  region size 1024K, 6 young (6144K), 6 survivors (6144K)
 Metaspace       used 74224K, committed 74944K, reserved 1114112K
  class space    used 10175K, committed 10496K, reserved 1048576K
}
Event: 9.840 GC heap before
{Heap before GC invocations=25 (full 0):
 garbage-first heap   total 136192K, used 108172K [0x000000008a400000, 0x0000000100000000)
  region size 1024K, 35 young (35840K), 6 survivors (6144K)
 Metaspace       used 74224K, committed 74944K, reserved 1114112K
  class space    used 10175K, committed 10496K, reserved 1048576K
}
Event: 9.853 GC heap after
{Heap after GC invocations=26 (full 0):
 garbage-first heap   total 136192K, used 91916K [0x000000008a400000, 0x0000000100000000)
  region size 1024K, 5 young (5120K), 5 survivors (5120K)
 Metaspace       used 74224K, committed 74944K, reserved 1114112K
  class space    used 10175K, committed 10496K, reserved 1048576K
}
Event: 9.893 GC heap before
{Heap before GC invocations=27 (full 0):
 garbage-first heap   total 136192K, used 115468K [0x000000008a400000, 0x0000000100000000)
  region size 1024K, 28 young (28672K), 5 survivors (5120K)
 Metaspace       used 74224K, committed 74944K, reserved 1114112K
  class space    used 10175K, committed 10496K, reserved 1048576K
}
Event: 9.900 GC heap after
{Heap after GC invocations=28 (full 0):
 garbage-first heap   total 272384K, used 96294K [0x000000008a400000, 0x0000000100000000)
  region size 1024K, 4 young (4096K), 4 survivors (4096K)
 Metaspace       used 74224K, committed 74944K, reserved 1114112K
  class space    used 10175K, committed 10496K, reserved 1048576K
}
Event: 104.616 GC heap before
{Heap before GC invocations=28 (full 0):
 garbage-first heap   total 272384K, used 202790K [0x000000008a400000, 0x0000000100000000)
  region size 1024K, 109 young (111616K), 4 survivors (4096K)
 Metaspace       used 79912K, committed 80704K, reserved 1179648K
  class space    used 10922K, committed 11264K, reserved 1048576K
}
Event: 104.664 GC heap after
{Heap after GC invocations=29 (full 0):
 garbage-first heap   total 272384K, used 95406K [0x000000008a400000, 0x0000000100000000)
  region size 1024K, 7 young (7168K), 7 survivors (7168K)
 Metaspace       used 79912K, committed 80704K, reserved 1179648K
  class space    used 10922K, committed 11264K, reserved 1048576K
}

